2022.09.05 13:25:59 INFO  tracing is disabled for protocol LSP, to enable tracing of incoming and outgoing JSON messages create an empty file at c:\Users\Rahal\Documents\YEAR2\SCS 2204 - FP\Tutorial 6\.metals\lsp.trace.json or C:\Users\Rahal\AppData\Local\scalameta\metals\cache\lsp.trace.json
2022.09.05 13:26:01 INFO  logging to file C:\Users\Rahal\Documents\YEAR2\SCS 2204 - FP\Tutorial 6\.metals\metals.log
2022.09.05 13:26:01 INFO  Started: Metals version 0.11.8 in workspace 'C:\Users\Rahal\Documents\YEAR2\SCS 2204 - FP\Tutorial 6' for client Visual Studio Code 1.71.0.
2022.09.05 13:26:03 WARN  Flyway upgrade recommended: H2 2.1.214 is newer than this version of Flyway and support has not been tested. The latest supported version of H2 is 2.1.210.
2022.09.05 13:26:04 INFO  time: initialize in 2.27s
2022.09.05 13:26:04 WARN  Build server is not auto-connectable.
2022.09.05 13:26:04 WARN  no build tool detected in workspace 'C:\Users\Rahal\Documents\YEAR2\SCS 2204 - FP\Tutorial 6'. The most common cause for this problem is that the editor was opened in the wrong working directory, for example if you use sbt then the workspace directory should contain build.sbt. 
2022.09.05 13:26:04 WARN  no build target for: C:\Users\Rahal\Documents\YEAR2\SCS 2204 - FP\Tutorial 6\1.scala
2022.09.05 13:26:08 INFO  no build target found for C:\Users\Rahal\Documents\YEAR2\SCS 2204 - FP\Tutorial 6\1.scala. Using presentation compiler with project's scala-library version: 3.1.3
Sep 05, 2022 1:26:09 PM org.eclipse.lsp4j.jsonrpc.RemoteEndpoint handleCancellation
WARNING: Unmatched cancel notification for request id 2
Sep 05, 2022 1:26:09 PM org.eclipse.lsp4j.jsonrpc.RemoteEndpoint handleCancellation
WARNING: Unmatched cancel notification for request id 8
2022.09.05 13:26:10 INFO  time: code lens generation in 1.16s
2022.09.05 13:26:10 INFO  time: code lens generation in 1.21s
2022.09.05 13:26:10 INFO  time: code lens generation in 1.13s
2022.09.05 13:26:10 INFO  time: code lens generation in 1.32s
2022.09.05 13:26:10 INFO  time: code lens generation in 1.15s
Sep 05, 2022 1:26:44 PM org.eclipse.lsp4j.jsonrpc.services.GenericEndpoint notify
INFO: Unsupported notification method: $/setTrace
2022.09.05 13:26:44 INFO  shutting down Metals
2022.09.05 13:26:56 INFO  tracing is disabled for protocol LSP, to enable tracing of incoming and outgoing JSON messages create an empty file at c:\Users\Rahal\Documents\YEAR2\SCS 2204 - FP\Tutorial 6\.metals\lsp.trace.json or C:\Users\Rahal\AppData\Local\scalameta\metals\cache\lsp.trace.json
2022.09.05 13:26:59 INFO  logging to file C:\Users\Rahal\Documents\YEAR2\SCS 2204 - FP\Tutorial 6\.metals\metals.log
2022.09.05 13:26:59 INFO  Started: Metals version 0.11.8 in workspace 'C:\Users\Rahal\Documents\YEAR2\SCS 2204 - FP\Tutorial 6' for client Visual Studio Code 1.71.0.
2022.09.05 13:27:01 WARN  Flyway upgrade recommended: H2 2.1.214 is newer than this version of Flyway and support has not been tested. The latest supported version of H2 is 2.1.210.
2022.09.05 13:27:02 INFO  time: initialize in 2.65s
2022.09.05 13:27:02 WARN  Build server is not auto-connectable.
2022.09.05 13:27:02 WARN  no build tool detected in workspace 'C:\Users\Rahal\Documents\YEAR2\SCS 2204 - FP\Tutorial 6'. The most common cause for this problem is that the editor was opened in the wrong working directory, for example if you use sbt then the workspace directory should contain build.sbt. 
2022.09.05 13:27:02 WARN  no build target for: C:\Users\Rahal\Documents\YEAR2\SCS 2204 - FP\Tutorial 6\1.scala
2022.09.05 13:27:04 INFO  no build target found for C:\Users\Rahal\Documents\YEAR2\SCS 2204 - FP\Tutorial 6\1.scala. Using presentation compiler with project's scala-library version: 3.1.3
2022.09.05 13:27:06 INFO  time: code lens generation in 3.65s
